Determining if files mach-o/dyld.h exist failed with the following output:
Change Dir: /home/lukkyguy/code/BachlorThesis/nest-build/CMakeFiles/CMakeTmp

Run Build Command(s):/usr/bin/gmake -f Makefile cmTC_65fc9/fast && /usr/bin/gmake  -f CMakeFiles/cmTC_65fc9.dir/build.make CMakeFiles/cmTC_65fc9.dir/build
gmake[1]: Entering directory '/home/lukkyguy/code/BachlorThesis/nest-build/CMakeFiles/CMakeTmp'
Building C object CMakeFiles/cmTC_65fc9.dir/HAVE_MACH_O_DYLD_H.c.o
/usr/bin/cc    -o CMakeFiles/cmTC_65fc9.dir/HAVE_MACH_O_DYLD_H.c.o -c /home/lukkyguy/code/BachlorThesis/nest-build/CMakeFiles/CheckIncludeFiles/HAVE_MACH_O_DYLD_H.c
/home/lukkyguy/code/BachlorThesis/nest-build/CMakeFiles/CheckIncludeFiles/HAVE_MACH_O_DYLD_H.c:2:10: fatal error: mach-o/dyld.h: No such file or directory
    2 | #include <mach-o/dyld.h>
      |          ^~~~~~~~~~~~~~~
compilation terminated.
gmake[1]: *** [CMakeFiles/cmTC_65fc9.dir/build.make:78: CMakeFiles/cmTC_65fc9.dir/HAVE_MACH_O_DYLD_H.c.o] Error 1
gmake[1]: Leaving directory '/home/lukkyguy/code/BachlorThesis/nest-build/CMakeFiles/CMakeTmp'
gmake: *** [Makefile:127: cmTC_65fc9/fast] Error 2


Source:
/* */
#include <mach-o/dyld.h>


int main(void){return 0;}

Determining if files mach/mach.h exist failed with the following output:
Change Dir: /home/lukkyguy/code/BachlorThesis/nest-build/CMakeFiles/CMakeTmp

Run Build Command(s):/usr/bin/gmake -f Makefile cmTC_4ac13/fast && /usr/bin/gmake  -f CMakeFiles/cmTC_4ac13.dir/build.make CMakeFiles/cmTC_4ac13.dir/build
gmake[1]: Entering directory '/home/lukkyguy/code/BachlorThesis/nest-build/CMakeFiles/CMakeTmp'
Building C object CMakeFiles/cmTC_4ac13.dir/HAVE_MACH_MACH_H.c.o
/usr/bin/cc    -o CMakeFiles/cmTC_4ac13.dir/HAVE_MACH_MACH_H.c.o -c /home/lukkyguy/code/BachlorThesis/nest-build/CMakeFiles/CheckIncludeFiles/HAVE_MACH_MACH_H.c
/home/lukkyguy/code/BachlorThesis/nest-build/CMakeFiles/CheckIncludeFiles/HAVE_MACH_MACH_H.c:2:10: fatal error: mach/mach.h: No such file or directory
    2 | #include <mach/mach.h>
      |          ^~~~~~~~~~~~~
compilation terminated.
gmake[1]: *** [CMakeFiles/cmTC_4ac13.dir/build.make:78: CMakeFiles/cmTC_4ac13.dir/HAVE_MACH_MACH_H.c.o] Error 1
gmake[1]: Leaving directory '/home/lukkyguy/code/BachlorThesis/nest-build/CMakeFiles/CMakeTmp'
gmake: *** [Makefile:127: cmTC_4ac13/fast] Error 2


Source:
/* */
#include <mach/mach.h>


int main(void){return 0;}

Determining if the function expm1 exists failed with the following output:
Change Dir: /home/lukkyguy/code/BachlorThesis/nest-build/CMakeFiles/CMakeTmp

Run Build Command(s):/usr/bin/gmake -f Makefile cmTC_b73ba/fast && /usr/bin/gmake  -f CMakeFiles/cmTC_b73ba.dir/build.make CMakeFiles/cmTC_b73ba.dir/build
gmake[1]: Entering directory '/home/lukkyguy/code/BachlorThesis/nest-build/CMakeFiles/CMakeTmp'
Building C object CMakeFiles/cmTC_b73ba.dir/CheckFunctionExists.c.o
/usr/bin/cc   -DCHECK_FUNCTION_EXISTS=expm1 -o CMakeFiles/cmTC_b73ba.dir/CheckFunctionExists.c.o -c /usr/share/cmake-3.22/Modules/CheckFunctionExists.c
<command-line>: warning: conflicting types for built-in function ‘expm1’; expected ‘double(double)’ [-Wbuiltin-declaration-mismatch]
/usr/share/cmake-3.22/Modules/CheckFunctionExists.c:7:3: note: in expansion of macro ‘CHECK_FUNCTION_EXISTS’
    7 |   CHECK_FUNCTION_EXISTS(void);
      |   ^~~~~~~~~~~~~~~~~~~~~
/usr/share/cmake-3.22/Modules/CheckFunctionExists.c:1:1: note: ‘expm1’ is declared in header ‘<math.h>’
  +++ |+#include <math.h>
    1 | #ifdef CHECK_FUNCTION_EXISTS
Linking C executable cmTC_b73ba
/usr/bin/cmake -E cmake_link_script CMakeFiles/cmTC_b73ba.dir/link.txt --verbose=1
/usr/bin/cc  -DCHECK_FUNCTION_EXISTS=expm1 CMakeFiles/cmTC_b73ba.dir/CheckFunctionExists.c.o -o cmTC_b73ba 
/usr/bin/ld: CMakeFiles/cmTC_b73ba.dir/CheckFunctionExists.c.o: in function `main':
CheckFunctionExists.c:(.text+0x14): undefined reference to `expm1'
collect2: error: ld returned 1 exit status
gmake[1]: *** [CMakeFiles/cmTC_b73ba.dir/build.make:99: cmTC_b73ba] Error 1
gmake[1]: Leaving directory '/home/lukkyguy/code/BachlorThesis/nest-build/CMakeFiles/CMakeTmp'
gmake: *** [Makefile:127: cmTC_b73ba/fast] Error 2



